<testsuites name="jest tests" tests="5" failures="0" time="0.725">
  <testsuite name="undefined" errors="0" failures="0" skipped="0" timestamp="2020-05-09T13:24:33" time="0.725" tests="5">
    <testcase classname=" initial UI is rendered as expected and button works" name=" initial UI is rendered as expected and button works" time="0.048">
    </testcase>
    <testcase classname=" button adds notes" name=" button adds notes" time="0.012">
    </testcase>
    <testcase classname=" Multiple notes can be added" name=" Multiple notes can be added" time="0.023">
    </testcase>
    <testcase classname=" Switching between buttons work" name=" Switching between buttons work" time="0.052">
    </testcase>
    <testcase classname=" In active tab, dont show completed notes" name=" In active tab, dont show completed notes" time="0.023">
    </testcase>
  </testsuite>
</testsuites>